\BOOKMARK [1][-]{section.1}{\376\377\000I\000n\000t\000r\000o\000d\000u\000c\000t\000i\000o\000n}{}% 1
\BOOKMARK [1][-]{section.2}{\376\377\000O\000n\000l\000i\000n\000e\000\040\000P\000r\000e\000d\000i\000c\000t\000i\000o\000n\000\040\000u\000n\000d\000e\000r\000\040\000I\000n\000f\000o\000r\000m\000a\000t\000i\000o\000n\000\040\000P\000a\000r\000t\000i\000t\000i\000o\000n\000s}{}% 2
\BOOKMARK [1][-]{section.3}{\376\377\000W\000h\000i\000c\000h\000\040\000D\000i\000s\000t\000i\000n\000c\000t\000i\000o\000n\000s\000\040\000M\000a\000t\000t\000e\000r\000?}{}% 3
\BOOKMARK [1][-]{section.4}{\376\377\000G\000u\000a\000r\000d\000e\000d\000\040\000E\000m\000p\000i\000r\000i\000c\000a\000l\000\040\000R\000e\000f\000i\000n\000e\000m\000e\000n\000t}{}% 4
\BOOKMARK [1][-]{section.5}{\376\377\000D\000i\000s\000t\000i\000n\000c\000t\000i\000o\000n\000\040\000G\000r\000a\000p\000h\000\040\000M\000a\000c\000h\000i\000n\000e\000s}{}% 5
\BOOKMARK [1][-]{section.6}{\376\377\000E\000x\000p\000e\000r\000i\000m\000e\000n\000t\000s}{}% 6
\BOOKMARK [2][-]{subsection.6.1}{\376\377\000M\000L\000-\000f\000a\000c\000i\000n\000g\000\040\000o\000n\000l\000i\000n\000e\000\040\000a\000d\000a\000p\000t\000a\000t\000i\000o\000n\000:\000\040\000C\000I\000F\000A\000R\000-\0001\0000\0000\000\040\000I\000m\000a\000g\000e\000-\000H\000Q\000S}{section.6}% 7
\BOOKMARK [2][-]{subsection.6.2}{\376\377\000M\000e\000c\000h\000a\000n\000i\000s\000m\000\040\000d\000i\000a\000g\000n\000o\000s\000t\000i\000c\000:\000\040\000B\000a\000l\000a\000n\000c\000e\000d\000M\000a\000s\000k\000-\000H\000Q\000S}{section.6}% 8
\BOOKMARK [2][-]{subsection.6.3}{\376\377\000M\000e\000c\000h\000a\000n\000i\000s\000m\000\040\000d\000i\000a\000g\000n\000o\000s\000t\000i\000c\000:\000\040\000B\000a\000y\000e\000s\000-\000g\000a\000p\000\040\000c\000a\000l\000i\000b\000r\000a\000t\000i\000o\000n}{section.6}% 9
\BOOKMARK [2][-]{subsection.6.4}{\376\377\000S\000c\000a\000l\000i\000n\000g\000\040\000a\000n\000d\000\040\000S\000O\000T\000A\000-\000r\000e\000a\000d\000i\000n\000e\000s\000s\000\040\000p\000i\000l\000o\000t\000s}{section.6}% 10
\BOOKMARK [1][-]{section.7}{\376\377\000R\000e\000l\000a\000t\000e\000d\000\040\000W\000o\000r\000k}{}% 11
\BOOKMARK [1][-]{section.8}{\376\377\000L\000i\000m\000i\000t\000a\000t\000i\000o\000n\000s\000\040\000a\000n\000d\000\040\000C\000o\000n\000c\000l\000u\000s\000i\000o\000n}{}% 12
\BOOKMARK [1][-]{appendix.A}{\376\377\000A\000p\000p\000e\000n\000d\000i\000x\000\040\000R\000o\000a\000d\000m\000a\000p}{}% 13
\BOOKMARK [1][-]{appendix.B}{\376\377\000L\000i\000m\000i\000t\000a\000t\000i\000o\000n\000s}{}% 14
\BOOKMARK [1][-]{appendix.C}{\376\377\000R\000e\000l\000a\000t\000e\000d\000\040\000W\000o\000r\000k}{}% 15
\BOOKMARK [2][-]{subsection.C.1}{\376\377\000M\000e\000t\000h\000o\000d\000s\000\040\000t\000h\000a\000t\000\040\000r\000e\000p\000a\000i\000r\000\040\000w\000i\000t\000h\000o\000u\000t\000\040\000r\000e\000f\000i\000n\000i\000n\000g}{appendix.C}% 16
\BOOKMARK [2][-]{subsection.C.2}{\376\377\000M\000e\000t\000h\000o\000d\000s\000\040\000t\000h\000a\000t\000\040\000r\000e\000f\000i\000n\000e\000\040\000w\000i\000t\000h\000o\000u\000t\000\040\000l\000o\000c\000a\000l\000\040\000r\000e\000p\000a\000i\000r}{appendix.C}% 17
\BOOKMARK [2][-]{subsection.C.3}{\376\377\000M\000e\000t\000h\000o\000d\000s\000\040\000t\000h\000a\000t\000\040\000r\000o\000u\000t\000e\000\040\000w\000i\000t\000h\000o\000u\000t\000\040\000r\000u\000n\000t\000i\000m\000e\000\040\000c\000o\000n\000c\000e\000p\000t\000\040\000c\000r\000e\000a\000t\000i\000o\000n}{appendix.C}% 18
\BOOKMARK [2][-]{subsection.C.4}{\376\377\000D\000G\000M\000'\000s\000\040\000p\000o\000s\000i\000t\000i\000o\000n}{appendix.C}% 19
\BOOKMARK [1][-]{appendix.D}{\376\377\000M\000a\000t\000h\000e\000m\000a\000t\000i\000c\000a\000l\000\040\000M\000o\000d\000e\000l\000:\000\040\000P\000a\000r\000t\000i\000t\000i\000o\000n\000s\000,\000\040\000P\000r\000e\000d\000i\000c\000t\000o\000r\000s\000,\000\040\000a\000n\000d\000\040\000B\000a\000y\000e\000s\000\040\000R\000i\000s\000k}{}% 20
\BOOKMARK [2][-]{subsection.D.1}{\376\377\000P\000a\000r\000t\000i\000t\000i\000o\000n\000s\000,\000\040\000p\000r\000e\000d\000i\000c\000t\000o\000r\000s\000,\000\040\000a\000n\000d\000\040\000r\000i\000s\000k}{appendix.D}% 21
\BOOKMARK [1][-]{appendix.E}{\376\377\000O\000n\000l\000i\000n\000e\000\040\000P\000r\000e\000d\000i\000c\000t\000i\000o\000n\000\040\000w\000i\000t\000h\000\040\000R\000e\000p\000a\000i\000r\000\040\000a\000n\000d\000\040\000R\000e\000f\000i\000n\000e\000m\000e\000n\000t}{}% 22
\BOOKMARK [1][-]{appendix.F}{\376\377\000T\000h\000e\000\040\000R\000e\000p\000a\000i\000r\000-\000O\000n\000l\000y\000\040\000O\000b\000s\000t\000r\000u\000c\000t\000i\000o\000n}{}% 23
\BOOKMARK [2][-]{subsection.F.1}{\376\377\000R\000e\000p\000a\000i\000r\000-\000o\000n\000l\000y\000\040\000l\000o\000w\000e\000r\000\040\000b\000o\000u\000n\000d}{appendix.F}% 24
\BOOKMARK [2][-]{subsection.F.2}{\376\377\000S\000i\000g\000m\000a\000-\000a\000l\000g\000e\000b\000r\000a\000\040\000e\000x\000t\000e\000n\000s\000i\000o\000n}{appendix.F}% 25
\BOOKMARK [1][-]{appendix.G}{\376\377\000M\000i\000n\000i\000m\000a\000l\000\040\000R\000e\000f\000i\000n\000e\000m\000e\000n\000t}{}% 26
\BOOKMARK [2][-]{subsection.G.1}{\376\377\000T\000h\000e\000\040\000f\000i\000n\000i\000t\000e\000\040\000r\000e\000f\000i\000n\000e\000m\000e\000n\000t\000\040\000r\000u\000l\000e}{appendix.G}% 27
\BOOKMARK [2][-]{subsection.G.2}{\376\377\000T\000h\000e\000\040\000s\000i\000g\000m\000a\000-\000a\000l\000g\000e\000b\000r\000a\000\040\000f\000o\000r\000m}{appendix.G}% 28
\BOOKMARK [1][-]{appendix.H}{\376\377\000T\000h\000e\000\040\000V\000a\000l\000u\000e\000\040\000o\000f\000\040\000a\000\040\000D\000i\000s\000t\000i\000n\000c\000t\000i\000o\000n}{}% 29
\BOOKMARK [2][-]{subsection.H.1}{\376\377\000R\000i\000s\000k\000\040\000m\000o\000n\000o\000t\000o\000n\000i\000c\000i\000t\000y}{appendix.H}% 30
\BOOKMARK [2][-]{subsection.H.2}{\376\377\000L\000o\000s\000s\000-\000r\000e\000l\000e\000v\000a\000n\000t\000\040\000r\000e\000f\000i\000n\000e\000m\000e\000n\000t}{appendix.H}% 31
\BOOKMARK [2][-]{subsection.H.3}{\376\377\000L\000o\000g\000\040\000l\000o\000s\000s}{appendix.H}% 32
\BOOKMARK [2][-]{subsection.H.4}{\376\377\000S\000q\000u\000a\000r\000e\000d\000\040\000l\000o\000s\000s}{appendix.H}% 33
\BOOKMARK [2][-]{subsection.H.5}{\376\377\000M\000i\000n\000i\000m\000a\000l\000\040\000l\000o\000s\000s\000-\000s\000u\000f\000f\000i\000c\000i\000e\000n\000t\000\040\000r\000e\000f\000i\000n\000e\000m\000e\000n\000t}{appendix.H}% 34
\BOOKMARK [1][-]{appendix.I}{\376\377\000E\000m\000p\000i\000r\000i\000c\000a\000l\000\040\000S\000p\000l\000i\000t\000\040\000S\000c\000o\000r\000e\000s\000\040\000a\000n\000d\000\040\000F\000i\000n\000i\000t\000e\000-\000S\000a\000m\000p\000l\000e\000\040\000R\000e\000f\000i\000n\000e\000m\000e\000n\000t}{}% 35
\BOOKMARK [2][-]{subsection.I.1}{\376\377\000F\000i\000n\000i\000t\000e\000\040\000e\000m\000p\000i\000r\000i\000c\000a\000l\000\040\000s\000c\000o\000r\000e\000s}{appendix.I}% 36
\BOOKMARK [2][-]{subsection.I.2}{\376\377\000D\000i\000s\000t\000i\000n\000c\000t\000i\000o\000n\000\040\000c\000o\000m\000p\000l\000e\000x\000i\000t\000y}{appendix.I}% 37
\BOOKMARK [2][-]{subsection.I.3}{\376\377\000G\000r\000e\000e\000d\000y\000\040\000r\000e\000c\000o\000v\000e\000r\000y\000\040\000u\000n\000d\000e\000r\000\040\000r\000e\000a\000l\000i\000z\000a\000b\000i\000l\000i\000t\000y}{appendix.I}% 38
\BOOKMARK [2][-]{subsection.I.4}{\376\377\000A\000\040\000f\000i\000n\000i\000t\000e\000-\000c\000l\000a\000s\000s\000\040\000o\000r\000a\000c\000l\000e\000\040\000i\000n\000e\000q\000u\000a\000l\000i\000t\000y}{appendix.I}% 39
\BOOKMARK [1][-]{appendix.J}{\376\377\000D\000i\000s\000t\000i\000n\000c\000t\000i\000o\000n\000\040\000G\000r\000a\000p\000h\000\040\000M\000a\000c\000h\000i\000n\000e\000s\000:\000\040\000A\000\040\000D\000a\000t\000a\000\040\000S\000t\000r\000u\000c\000t\000u\000r\000e\000\040\000f\000o\000r\000\040\000R\000e\000f\000i\000n\000a\000b\000l\000e\000\040\000P\000a\000r\000t\000i\000t\000i\000o\000n\000s}{}% 40
\BOOKMARK [2][-]{subsection.J.1}{\376\377\000W\000h\000y\000\040\000a\000\040\000g\000r\000a\000p\000h\000,\000\040\000n\000o\000t\000\040\000a\000\040\000t\000r\000e\000e\000?}{appendix.J}% 41
\BOOKMARK [2][-]{subsection.J.2}{\376\377\000H\000a\000r\000d\000-\000D\000G\000M\000\040\000s\000t\000a\000t\000e\000\040\000a\000n\000d\000\040\000i\000n\000v\000a\000r\000i\000a\000n\000t\000s}{appendix.J}% 42
\BOOKMARK [2][-]{subsection.J.3}{\376\377\000S\000o\000f\000t\000-\000D\000G\000M\000\040\000e\000d\000g\000e\000-\000g\000a\000t\000e\000d\000\040\000p\000r\000e\000d\000i\000c\000t\000i\000o\000n}{appendix.J}% 43
\BOOKMARK [2][-]{subsection.J.4}{\376\377\000R\000e\000f\000i\000n\000e\000\040\000o\000r\000\040\000r\000e\000p\000a\000i\000r\000\040\000o\000n\000\040\000a\000\040\000g\000r\000a\000p\000h}{appendix.J}% 44
\BOOKMARK [2][-]{subsection.J.5}{\376\377\000D\000a\000t\000a\000-\000s\000t\000r\000u\000c\000t\000u\000r\000e\000\040\000o\000p\000e\000r\000a\000t\000i\000o\000n\000s}{appendix.J}% 45
\BOOKMARK [2][-]{subsection.J.6}{\376\377\000C\000a\000n\000o\000n\000i\000c\000a\000l\000\040\000l\000o\000c\000a\000l\000\040\000m\000e\000m\000o\000r\000y}{appendix.J}% 46
\BOOKMARK [2][-]{subsection.J.7}{\376\377\000F\000r\000o\000m\000\040\000D\000G\000M\000\040\000t\000o\000\040\000D\000G\000M\000-\000E\000m\000b\000e\000d\000d\000i\000n\000g}{appendix.J}% 47
\BOOKMARK [1][-]{appendix.K}{\376\377\000G\000u\000a\000r\000a\000n\000t\000e\000e\000s}{}% 48
\BOOKMARK [1][-]{appendix.L}{\376\377\000E\000x\000p\000e\000r\000i\000m\000e\000n\000t\000s}{}% 49
\BOOKMARK [2][-]{subsection.L.1}{\376\377\000K\000n\000o\000w\000n\000\040\000B\000a\000y\000e\000s\000-\000g\000a\000p\000\040\000c\000a\000l\000i\000b\000r\000a\000t\000i\000o\000n}{appendix.L}% 50
\BOOKMARK [2][-]{subsection.L.2}{\376\377\000O\000r\000a\000c\000l\000e\000-\000p\000a\000r\000t\000i\000t\000i\000o\000n\000\040\000C\000I\000F\000A\000R\000-\0001\0000\0000\000\040\000B\000a\000l\000a\000n\000c\000e\000d\000M\000a\000s\000k\000-\000H\000Q\000S}{appendix.L}% 51
\BOOKMARK [2][-]{subsection.L.3}{\376\377\000G\000u\000a\000r\000d\000e\000d\000\040\000d\000e\000c\000i\000s\000i\000o\000n\000s\000\040\000a\000n\000d\000\040\000g\000r\000a\000p\000h\000-\000m\000e\000m\000o\000r\000y\000\040\000a\000b\000l\000a\000t\000i\000o\000n\000s}{appendix.L}% 52
\BOOKMARK [2][-]{subsection.L.4}{\376\377\000N\000o\000n\000-\000o\000r\000a\000c\000l\000e\000\040\000C\000I\000F\000A\000R\000-\0001\0000\0000\000\040\000I\000m\000a\000g\000e\000-\000H\000Q\000S}{appendix.L}% 53
\BOOKMARK [2][-]{subsection.L.5}{\376\377\000T\000r\000u\000s\000t\000\040\000a\000g\000g\000r\000e\000g\000a\000t\000i\000o\000n\000\040\000a\000n\000d\000\040\000r\000u\000n\000t\000i\000m\000e\000\040\000b\000a\000s\000e\000l\000i\000n\000e\000s}{appendix.L}% 54
\BOOKMARK [1][-]{appendix.M}{\376\377\000S\000i\000n\000g\000l\000e\000-\000W\000o\000r\000k\000s\000t\000a\000t\000i\000o\000n\000\040\000E\000v\000a\000l\000u\000a\000t\000i\000o\000n\000\040\000G\000r\000i\000d\000\040\000a\000n\000d\000\040\000D\000i\000a\000g\000n\000o\000s\000t\000i\000c\000s}{}% 55
\BOOKMARK [2][-]{subsection.M.1}{\376\377\000R\000u\000n\000t\000i\000m\000e\000\040\000c\000o\000n\000t\000r\000a\000c\000t\000\040\000a\000n\000d\000\040\000e\000v\000a\000l\000u\000a\000t\000i\000o\000n\000\040\000s\000u\000i\000t\000e}{appendix.M}% 56
\BOOKMARK [2][-]{subsection.M.2}{\376\377\000R\000u\000n\000\040\000t\000i\000e\000r\000s}{appendix.M}% 57
\BOOKMARK [2][-]{subsection.M.3}{\376\377\000C\000o\000m\000p\000l\000e\000t\000e\000d\000\040\000S\000O\000T\000A\000-\000r\000e\000a\000d\000i\000n\000e\000s\000s\000\040\000p\000i\000l\000o\000t\000s}{appendix.M}% 58
\BOOKMARK [2][-]{subsection.M.4}{\376\377\000H\000a\000r\000d\000w\000a\000r\000e\000\040\000a\000n\000d\000\040\000a\000c\000c\000o\000u\000n\000t\000i\000n\000g}{appendix.M}% 59
\BOOKMARK [2][-]{subsection.M.5}{\376\377\000C\000o\000n\000t\000r\000o\000l\000l\000e\000d\000-\000s\000t\000r\000e\000a\000m\000\040\000g\000r\000i\000d}{appendix.M}% 60
\BOOKMARK [2][-]{subsection.M.6}{\376\377\000V\000i\000s\000i\000o\000n\000-\000s\000t\000r\000e\000a\000m\000\040\000g\000r\000i\000d}{appendix.M}% 61
\BOOKMARK [2][-]{subsection.M.7}{\376\377\000N\000o\000n\000-\000o\000r\000a\000c\000l\000e\000\040\000I\000m\000a\000g\000e\000-\000H\000Q\000S\000\040\000a\000u\000d\000i\000t\000\040\000a\000n\000d\000\040\000a\000b\000l\000a\000t\000i\000o\000n\000s}{appendix.M}% 62
\BOOKMARK [2][-]{subsection.M.8}{\376\377\000L\000a\000n\000g\000u\000a\000g\000e\000-\000s\000t\000r\000e\000a\000m\000\040\000g\000r\000i\000d}{appendix.M}% 63
\BOOKMARK [2][-]{subsection.M.9}{\376\377\000E\000v\000i\000d\000e\000n\000c\000e\000\040\000b\000o\000u\000n\000d\000a\000r\000y}{appendix.M}% 64
\BOOKMARK [2][-]{subsection.M.10}{\376\377\000R\000e\000q\000u\000i\000r\000e\000d\000\040\000f\000a\000i\000l\000u\000r\000e\000\040\000d\000i\000a\000g\000n\000o\000s\000t\000i\000c\000s}{appendix.M}% 65
\BOOKMARK [1][-]{appendix.N}{\376\377\000D\000G\000M\000-\000E\000m\000b\000e\000d\000d\000i\000n\000g\000:\000\040\000A\000r\000c\000h\000i\000t\000e\000c\000t\000u\000r\000a\000l\000\040\000E\000x\000t\000e\000n\000s\000i\000o\000n\000\040\000f\000o\000r\000\040\000L\000a\000n\000g\000u\000a\000g\000e\000\040\000M\000o\000d\000e\000l\000s}{}% 66
\BOOKMARK [2][-]{subsection.N.1}{\376\377\000H\000i\000d\000d\000e\000n\000-\000s\000t\000a\000t\000e\000\040\000c\000o\000n\000c\000e\000p\000t\000s}{appendix.N}% 67
\BOOKMARK [2][-]{subsection.N.2}{\376\377\000C\000a\000l\000i\000b\000r\000a\000t\000e\000d\000\040\000m\000e\000m\000o\000r\000y\000\040\000d\000i\000s\000t\000r\000i\000b\000u\000t\000i\000o\000n}{appendix.N}% 68
\BOOKMARK [2][-]{subsection.N.3}{\376\377\000R\000e\000a\000d\000\040\000b\000e\000f\000o\000r\000e\000\040\000o\000b\000s\000e\000r\000v\000e}{appendix.N}% 69
\BOOKMARK [2][-]{subsection.N.4}{\376\377\000S\000e\000q\000u\000e\000n\000t\000i\000a\000l\000\040\000d\000e\000t\000a\000c\000h\000e\000d\000\040\000t\000r\000a\000i\000n\000i\000n\000g}{appendix.N}% 70
\BOOKMARK [1][-]{appendix.O}{\376\377\000D\000G\000M\000\040\000I\000m\000p\000l\000e\000m\000e\000n\000t\000a\000t\000i\000o\000n\000\040\000E\000x\000t\000e\000n\000s\000i\000o\000n\000s}{}% 71
\BOOKMARK [2][-]{subsection.O.1}{\376\377\000T\000r\000e\000e\000s\000\040\000a\000s\000\040\000a\000\040\000h\000a\000r\000d\000-\000r\000o\000u\000t\000i\000n\000g\000\040\000s\000p\000e\000c\000i\000a\000l\000\040\000c\000a\000s\000e}{appendix.O}% 72
\BOOKMARK [2][-]{subsection.O.2}{\376\377\000D\000G\000M\000\040\000d\000a\000t\000a\000-\000s\000t\000r\000u\000c\000t\000u\000r\000e\000\040\000c\000o\000s\000t}{appendix.O}% 73
\BOOKMARK [2][-]{subsection.O.3}{\376\377\000R\000i\000d\000g\000e\000\040\000l\000o\000c\000a\000l\000\040\000m\000e\000m\000o\000r\000y}{appendix.O}% 74
\BOOKMARK [2][-]{subsection.O.4}{\376\377\000T\000r\000a\000i\000n\000i\000n\000g\000\040\000m\000o\000d\000e\000s\000\040\000f\000o\000r\000\040\000r\000e\000p\000r\000e\000s\000e\000n\000t\000a\000t\000i\000o\000n\000\040\000d\000r\000i\000f\000t}{appendix.O}% 75
\BOOKMARK [2][-]{subsection.O.5}{\376\377\000N\000o\000n\000-\000c\000a\000n\000o\000n\000i\000c\000a\000l\000\040\000a\000d\000a\000p\000t\000e\000r\000\040\000e\000x\000t\000e\000n\000s\000i\000o\000n}{appendix.O}% 76
\BOOKMARK [2][-]{subsection.O.6}{\376\377\000C\000o\000s\000t\000\040\000a\000n\000d\000\040\000s\000y\000s\000t\000e\000m\000s\000\040\000n\000o\000t\000e\000s}{appendix.O}% 77
\BOOKMARK [2][-]{subsection.O.7}{\376\377\000C\000l\000o\000s\000e\000d\000-\000f\000o\000r\000m\000\040\000l\000o\000c\000a\000l\000\040\000r\000e\000p\000a\000i\000r}{appendix.O}% 78
\BOOKMARK [1][-]{appendix.P}{\376\377\000P\000r\000o\000o\000f\000\040\000S\000k\000e\000t\000c\000h\000e\000s}{}% 79
\BOOKMARK [1][-]{appendix.Q}{\376\377\000F\000r\000o\000m\000\040\000D\000i\000s\000t\000i\000n\000c\000t\000i\000o\000n\000s\000\040\000t\000o\000\040\000P\000r\000o\000j\000e\000c\000t\000i\000o\000n\000\040\000M\000e\000m\000o\000r\000y}{}% 80
\BOOKMARK [2][-]{subsection.Q.1}{\376\377\000O\000n\000e\000-\000h\000o\000t\000\040\000p\000a\000r\000t\000i\000t\000i\000o\000n\000\040\000m\000e\000m\000o\000r\000y}{appendix.Q}% 81
\BOOKMARK [2][-]{subsection.Q.2}{\376\377\000C\000P\000M\000\040\000c\000o\000n\000f\000l\000i\000c\000t\000\040\000a\000s\000\040\000m\000i\000s\000s\000i\000n\000g\000\040\000d\000i\000s\000t\000i\000n\000c\000t\000i\000o\000n}{appendix.Q}% 82
\BOOKMARK [2][-]{subsection.Q.3}{\376\377\000T\000h\000e\000\040\000h\000i\000e\000r\000a\000r\000c\000h\000y}{appendix.Q}% 83
\BOOKMARK [1][-]{appendix.R}{\376\377\000M\000i\000n\000i\000m\000a\000l\000\040\000R\000e\000f\000i\000n\000e\000m\000e\000n\000t\000\040\000P\000r\000o\000o\000f\000s}{}% 84
\BOOKMARK [1][-]{appendix.S}{\376\377\000V\000a\000l\000u\000e\000\040\000o\000f\000\040\000D\000i\000s\000t\000i\000n\000c\000t\000i\000o\000n\000\040\000P\000r\000o\000o\000f\000s}{}% 85
\BOOKMARK [1][-]{appendix.T}{\376\377\000D\000G\000M\000\040\000A\000l\000g\000o\000r\000i\000t\000h\000m\000\040\000a\000n\000d\000\040\000P\000r\000o\000j\000e\000c\000t\000i\000o\000n\000-\000B\000r\000i\000d\000g\000e\000\040\000P\000r\000o\000o\000f\000s}{}% 86
